<?xml version="1.0" encoding="UTF-8"?>
<testsuite name="com.automation.trelloGet.Get" tests="1" skipped="0" failures="0" errors="0" timestamp="2022-07-20T23:53:27" hostname="LAPTOP-HKUUJHFK" time="4.426">
  <properties/>
  <testcase name="getBoard()" classname="com.automation.trelloGet.Get" time="4.426"/>
  <system-out><![CDATA[Request method:	POST
Request URI:	https://api.trello.com/1/boards?key=a5c14264c267638eef4d4bc13e666b81&token=165d955e1978e5d33f6d7333d71f2d38219f7795c8146a1056439233ed856c63
Proxy:			<none>
Request params:	<none>
Query params:	key=a5c14264c267638eef4d4bc13e666b81
				token=165d955e1978e5d33f6d7333d71f2d38219f7795c8146a1056439233ed856c63
Form params:	<none>
Path params:	<none>
Headers:		Accept=*/*
				Content-Type=application/json
Cookies:		<none>
Multiparts:		<none>
Body:
{
    "name": "RequestManagerTest"
}
Request method:	GET
Request URI:	https://api.trello.com/1/boards/62d8957897a4ea3fc3fb39d5?key=a5c14264c267638eef4d4bc13e666b81&token=165d955e1978e5d33f6d7333d71f2d38219f7795c8146a1056439233ed856c63
Proxy:			<none>
Request params:	<none>
Query params:	key=a5c14264c267638eef4d4bc13e666b81
				token=165d955e1978e5d33f6d7333d71f2d38219f7795c8146a1056439233ed856c63
Form params:	<none>
Path params:	<none>
Headers:		Accept=*/*
				Content-Type=application/json
Cookies:		<none>
Multiparts:		<none>
Body:			<none>
HTTP/1.1 200 OK
X-Dns-Prefetch-Control: off
X-Frame-Options: DENY
X-Download-Options: noopen
X-Permitted-Cross-Domain-Policies: none
Referrer-Policy: strict-origin-when-cross-origin
Surrogate-Control: no-store
Cache-Control: max-age=0, must-revalidate, no-cache, no-store
Pragma: no-cache
Expires: Thu, 01 Jan 1970 00:00:00
X-Trello-Version: 1.143845.0
X-Trello-Environment: Production
Set-Cookie: dsc=956e19861bb1de5c846ed600158ba3cc05fa64f0dca5690ceea2feba9be6679c; Path=/; Expires=Sat, 23 Jul 2022 23:53:30 GMT; Secure
Set-Cookie: preAuthProps=s%3A58ebe3063074d7ac5befd603%3AisEnterpriseAdmin%3Dfalse.2hI822aZb9Xx9OkVAc%2BKf7EuuX9s3ZUur3Kla4bkg7U; Path=/; HttpOnly
Access-Control-Allow-Origin: *
Access-Control-Allow-Methods: GET, PUT, POST, DELETE
Access-Control-Allow-Headers: Authorization, Accept, Content-Type
Access-Control-Expose-Headers: x-rate-limit-api-key-interval-ms, x-rate-limit-api-key-max, x-rate-limit-api-key-remaining, x-rate-limit-api-token-interval-ms, x-rate-limit-api-token-max, x-rate-limit-api-token-remaining
X-Rate-Limit-Api-Token-Interval-Ms: 10000
X-Rate-Limit-Api-Token-Max: 100
X-Rate-Limit-Api-Token-Remaining: 99
X-Rate-Limit-Db-Query-Time-Interval-Ms: 600000
X-Rate-Limit-Db-Query-Time-Max: 7200000
X-Rate-Limit-Db-Query-Time-Remaining: 7199990
X-Rate-Limit-Api-Key-Interval-Ms: 10000
X-Rate-Limit-Api-Key-Max: 300
X-Rate-Limit-Api-Key-Remaining: 299
X-Rate-Limit-Member-Interval-Ms: 10000
X-Rate-Limit-Member-Max: 375
X-Rate-Limit-Member-Remaining: 374
X-Server-Time: 1658361210279
Content-Type: application/json; charset=utf-8
Date: Wed, 20 Jul 2022 23:53:30 GMT
Content-Encoding: gzip
X-Envoy-Upstream-Service-Time: 33
Expect-Ct: report-uri="https://web-security-reports.services.atlassian.com/expect-ct-report/trello-edge", max-age=86400
Strict-Transport-Security: max-age=63072000; preload
X-Content-Type-Options: nosniff
X-Xss-Protection: 1; mode=block
Atl-Traceid: 5e42275c1ac6671f
Report-To: {"group": "endpoint-1", "max_age": 600, "endpoints": [{"url": "https://dj9s4kmieytgz.cloudfront.net"}], "include_subdomains": true}
Nel: {"report_to": "endpoint-1", "max_age": 600, "include_subdomains": true, "failure_fraction": 0.001}
Server: globaledge-envoy
Transfer-Encoding: chunked

{
    "id": "62d8957897a4ea3fc3fb39d5",
    "name": "RequestManagerTest",
    "desc": "",
    "descData": null,
    "closed": false,
    "idOrganization": "60c9edb767b73f1aeda03fe9",
    "idEnterprise": null,
    "pinned": false,
    "url": "https://trello.com/b/mXuge2c4/requestmanagertest",
    "shortUrl": "https://trello.com/b/mXuge2c4",
    "prefs": {
        "permissionLevel": "private",
        "hideVotes": false,
        "voting": "disabled",
        "comments": "members",
        "invitations": "members",
        "selfJoin": true,
        "cardCovers": true,
        "isTemplate": false,
        "cardAging": "regular",
        "calendarFeedEnabled": false,
        "hiddenPluginBoardButtons": [
            
        ],
        "switcherViews": [
            {
                "_id": "62d8957897a4ea3fc3fb39d6",
                "viewType": "Board",
                "enabled": true
            },
            {
                "_id": "62d8957897a4ea3fc3fb39d7",
                "viewType": "Table",
                "enabled": true
            },
            {
                "_id": "62d8957897a4ea3fc3fb39d8",
                "viewType": "Calendar",
                "enabled": false
            },
            {
                "_id": "62d8957897a4ea3fc3fb39d9",
                "viewType": "Dashboard",
                "enabled": false
            },
            {
                "_id": "62d8957897a4ea3fc3fb39da",
                "viewType": "Timeline",
                "enabled": false
            },
            {
                "_id": "62d8957897a4ea3fc3fb39db",
                "viewType": "Map",
                "enabled": false
            }
        ],
        "background": "blue",
        "backgroundColor": "#0079BF",
        "backgroundImage": null,
        "backgroundImageScaled": null,
        "backgroundTile": false,
        "backgroundBrightness": "dark",
        "backgroundBottomColor": "#0079BF",
        "backgroundTopColor": "#0079BF",
        "canBePublic": true,
        "canBeEnterprise": true,
        "canBeOrg": true,
        "canBePrivate": true,
        "canInvite": true
    },
    "labelNames": {
        "green": "",
        "yellow": "",
        "orange": "",
        "red": "",
        "purple": "",
        "blue": "",
        "sky": "",
        "lime": "",
        "pink": "",
        "black": "",
        "green_dark": "",
        "yellow_dark": "",
        "orange_dark": "",
        "red_dark": "",
        "purple_dark": "",
        "blue_dark": "",
        "sky_dark": "",
        "lime_dark": "",
        "pink_dark": "",
        "black_dark": "",
        "green_light": "",
        "yellow_light": "",
        "orange_light": "",
        "red_light": "",
        "purple_light": "",
        "blue_light": "",
        "sky_light": "",
        "lime_light": "",
        "pink_light": "",
        "black_light": ""
    }
}
Request method:	DELETE
Request URI:	https://api.trello.com/1/boards/62d8957897a4ea3fc3fb39d5?key=a5c14264c267638eef4d4bc13e666b81&token=165d955e1978e5d33f6d7333d71f2d38219f7795c8146a1056439233ed856c63
Proxy:			<none>
Request params:	<none>
Query params:	key=a5c14264c267638eef4d4bc13e666b81
				token=165d955e1978e5d33f6d7333d71f2d38219f7795c8146a1056439233ed856c63
Form params:	<none>
Path params:	<none>
Headers:		Accept=*/*
				Content-Type=application/json
Cookies:		<none>
Multiparts:		<none>
Body:			<none>
]]></system-out>
  <system-err><![CDATA[]]></system-err>
</testsuite>
