<?xml version="1.0" encoding="UTF-8"?>
<testsuite name="com.automation.trelloGet.Get" tests="1" skipped="0" failures="0" errors="0" timestamp="2022-07-22T23:26:05" hostname="LAPTOP-HKUUJHFK" time="4.202">
  <properties/>
  <testcase name="getBoard()" classname="com.automation.trelloGet.Get" time="4.202"/>
  <system-out><![CDATA[Request method:	POST
Request URI:	https://api.trello.com/1/boards?key=0bfc5b1373158a43175bdc1b315fd3e4&token=c38ec3003ecfe94785f3151072cffc66cb0b6f95045ac349d0cb8ba1440a7cc1
Proxy:			<none>
Request params:	<none>
Query params:	key=0bfc5b1373158a43175bdc1b315fd3e4
				token=c38ec3003ecfe94785f3151072cffc66cb0b6f95045ac349d0cb8ba1440a7cc1
Form params:	<none>
Path params:	<none>
Headers:		Accept=*/*
				Content-Type=application/json
Cookies:		<none>
Multiparts:		<none>
Body:
{
    "name": "RequestManagerTest"
}
HTTP/1.1 200 OK
X-Dns-Prefetch-Control: off
X-Frame-Options: DENY
X-Download-Options: noopen
X-Permitted-Cross-Domain-Policies: none
Referrer-Policy: strict-origin-when-cross-origin
Surrogate-Control: no-store
Cache-Control: max-age=0, must-revalidate, no-cache, no-store
Pragma: no-cache
Expires: Thu, 01 Jan 1970 00:00:00
X-Trello-Version: 1.144466.0
X-Trello-Environment: Production
Access-Control-Allow-Origin: *
Access-Control-Allow-Methods: GET, PUT, POST, DELETE
Access-Control-Allow-Headers: Authorization, Accept, Content-Type
Access-Control-Expose-Headers: x-rate-limit-api-key-interval-ms, x-rate-limit-api-key-max, x-rate-limit-api-key-remaining, x-rate-limit-api-token-interval-ms, x-rate-limit-api-token-max, x-rate-limit-api-token-remaining
X-Rate-Limit-Api-Token-Interval-Ms: 10000
X-Rate-Limit-Api-Token-Max: 100
X-Rate-Limit-Api-Token-Remaining: 99
X-Rate-Limit-Db-Query-Time-Interval-Ms: 600000
X-Rate-Limit-Db-Query-Time-Max: 7200000
X-Rate-Limit-Db-Query-Time-Remaining: 7199990
X-Rate-Limit-Action-Interval-Ms: 3600000
X-Rate-Limit-Action-Max: 15000
X-Rate-Limit-Action-Remaining: 14999
X-Rate-Limit-Api-Key-Interval-Ms: 10000
X-Rate-Limit-Api-Key-Max: 300
X-Rate-Limit-Api-Key-Remaining: 299
X-Rate-Limit-Member-Interval-Ms: 10000
X-Rate-Limit-Member-Max: 375
X-Rate-Limit-Member-Remaining: 374
Set-Cookie: preAuthProps=s%3A62db25c39491dc55ecb02a81%3AisEnterpriseAdmin%3Dfalse.ZqjVc%2FBjTsTiJzS7VviggthZB20mnd82VMoJa7BjQO8; Path=/; HttpOnly
X-Server-Time: 1658532366767
X-Trello-Api-Org-Selected: true
Content-Type: application/json; charset=utf-8
Date: Fri, 22 Jul 2022 23:26:06 GMT
Content-Encoding: gzip
X-Envoy-Upstream-Service-Time: 180
Expect-Ct: report-uri="https://web-security-reports.services.atlassian.com/expect-ct-report/trello-edge", max-age=86400
Strict-Transport-Security: max-age=63072000; preload
X-Content-Type-Options: nosniff
X-Xss-Protection: 1; mode=block
Atl-Traceid: d9437075e67f8591
Report-To: {"group": "endpoint-1", "max_age": 600, "endpoints": [{"url": "https://dj9s4kmieytgz.cloudfront.net"}], "include_subdomains": true}
Nel: {"report_to": "endpoint-1", "max_age": 600, "include_subdomains": true, "failure_fraction": 0.001}
Server: globaledge-envoy
Transfer-Encoding: chunked

{
    "id": "62db320efc9138302577bf3c",
    "name": "RequestManagerTest",
    "desc": "",
    "descData": null,
    "closed": false,
    "idOrganization": "62db25c89e201d8ed0654d95",
    "idEnterprise": null,
    "pinned": false,
    "url": "https://trello.com/b/XQX87rqe/requestmanagertest",
    "shortUrl": "https://trello.com/b/XQX87rqe",
    "prefs": {
        "permissionLevel": "private",
        "hideVotes": false,
        "voting": "disabled",
        "comments": "members",
        "invitations": "members",
        "selfJoin": true,
        "cardCovers": true,
        "isTemplate": false,
        "cardAging": "regular",
        "calendarFeedEnabled": false,
        "hiddenPluginBoardButtons": [
            
        ],
        "switcherViews": [
            {
                "_id": "62db320efc9138302577bf3d",
                "viewType": "Board",
                "enabled": true
            },
            {
                "_id": "62db320efc9138302577bf3e",
                "viewType": "Table",
                "enabled": true
            },
            {
                "_id": "62db320efc9138302577bf3f",
                "viewType": "Calendar",
                "enabled": false
            },
            {
                "_id": "62db320efc9138302577bf40",
                "viewType": "Dashboard",
                "enabled": false
            },
            {
                "_id": "62db320efc9138302577bf41",
                "viewType": "Timeline",
                "enabled": false
            },
            {
                "_id": "62db320efc9138302577bf42",
                "viewType": "Map",
                "enabled": false
            }
        ],
        "background": "blue",
        "backgroundColor": "#0079BF",
        "backgroundImage": null,
        "backgroundImageScaled": null,
        "backgroundTile": false,
        "backgroundBrightness": "dark",
        "backgroundBottomColor": "#0079BF",
        "backgroundTopColor": "#0079BF",
        "canBePublic": true,
        "canBeEnterprise": true,
        "canBeOrg": true,
        "canBePrivate": true,
        "canInvite": true
    },
    "labelNames": {
        "green": "",
        "yellow": "",
        "orange": "",
        "red": "",
        "purple": "",
        "blue": "",
        "sky": "",
        "lime": "",
        "pink": "",
        "black": "",
        "green_dark": "",
        "yellow_dark": "",
        "orange_dark": "",
        "red_dark": "",
        "purple_dark": "",
        "blue_dark": "",
        "sky_dark": "",
        "lime_dark": "",
        "pink_dark": "",
        "black_dark": "",
        "green_light": "",
        "yellow_light": "",
        "orange_light": "",
        "red_light": "",
        "purple_light": "",
        "blue_light": "",
        "sky_light": "",
        "lime_light": "",
        "pink_light": "",
        "black_light": ""
    },
    "limits": {
        
    }
}
Request method:	GET
Request URI:	https://api.trello.com/1/boards/62db320efc9138302577bf3c?key=0bfc5b1373158a43175bdc1b315fd3e4&token=c38ec3003ecfe94785f3151072cffc66cb0b6f95045ac349d0cb8ba1440a7cc1
Proxy:			<none>
Request params:	<none>
Query params:	key=0bfc5b1373158a43175bdc1b315fd3e4
				token=c38ec3003ecfe94785f3151072cffc66cb0b6f95045ac349d0cb8ba1440a7cc1
Form params:	<none>
Path params:	<none>
Headers:		Accept=*/*
				Content-Type=application/json
Cookies:		<none>
Multiparts:		<none>
Body:			<none>
HTTP/1.1 200 OK
X-Dns-Prefetch-Control: off
X-Frame-Options: DENY
X-Download-Options: noopen
X-Permitted-Cross-Domain-Policies: none
Referrer-Policy: strict-origin-when-cross-origin
Surrogate-Control: no-store
Cache-Control: max-age=0, must-revalidate, no-cache, no-store
Pragma: no-cache
Expires: Thu, 01 Jan 1970 00:00:00
X-Trello-Version: 1.144466.0
X-Trello-Environment: Production
Set-Cookie: dsc=91993252570dba2f271e03c7d6889f8568af8c100181ff453a0d18043ba0c790; Path=/; Expires=Mon, 25 Jul 2022 23:26:07 GMT; Secure
Set-Cookie: preAuthProps=s%3A62db25c39491dc55ecb02a81%3AisEnterpriseAdmin%3Dfalse.ZqjVc%2FBjTsTiJzS7VviggthZB20mnd82VMoJa7BjQO8; Path=/; HttpOnly
Access-Control-Allow-Origin: *
Access-Control-Allow-Methods: GET, PUT, POST, DELETE
Access-Control-Allow-Headers: Authorization, Accept, Content-Type
Access-Control-Expose-Headers: x-rate-limit-api-key-interval-ms, x-rate-limit-api-key-max, x-rate-limit-api-key-remaining, x-rate-limit-api-token-interval-ms, x-rate-limit-api-token-max, x-rate-limit-api-token-remaining
X-Rate-Limit-Db-Query-Time-Interval-Ms: 600000
X-Rate-Limit-Db-Query-Time-Max: 7200000
X-Rate-Limit-Db-Query-Time-Remaining: 7199990
X-Rate-Limit-Api-Token-Interval-Ms: 10000
X-Rate-Limit-Api-Token-Max: 100
X-Rate-Limit-Api-Token-Remaining: 98
X-Rate-Limit-Api-Key-Interval-Ms: 10000
X-Rate-Limit-Api-Key-Max: 300
X-Rate-Limit-Api-Key-Remaining: 298
X-Rate-Limit-Member-Interval-Ms: 10000
X-Rate-Limit-Member-Max: 375
X-Rate-Limit-Member-Remaining: 371
X-Server-Time: 1658532367914
Content-Type: application/json; charset=utf-8
Date: Fri, 22 Jul 2022 23:26:07 GMT
Content-Encoding: gzip
X-Envoy-Upstream-Service-Time: 32
Expect-Ct: report-uri="https://web-security-reports.services.atlassian.com/expect-ct-report/trello-edge", max-age=86400
Strict-Transport-Security: max-age=63072000; preload
X-Content-Type-Options: nosniff
X-Xss-Protection: 1; mode=block
Atl-Traceid: b04ca36fafffd414
Report-To: {"group": "endpoint-1", "max_age": 600, "endpoints": [{"url": "https://dj9s4kmieytgz.cloudfront.net"}], "include_subdomains": true}
Nel: {"report_to": "endpoint-1", "max_age": 600, "include_subdomains": true, "failure_fraction": 0.001}
Server: globaledge-envoy
Transfer-Encoding: chunked

{
    "id": "62db320efc9138302577bf3c",
    "name": "RequestManagerTest",
    "desc": "",
    "descData": null,
    "closed": false,
    "idOrganization": "62db25c89e201d8ed0654d95",
    "idEnterprise": null,
    "pinned": false,
    "url": "https://trello.com/b/XQX87rqe/requestmanagertest",
    "shortUrl": "https://trello.com/b/XQX87rqe",
    "prefs": {
        "permissionLevel": "private",
        "hideVotes": false,
        "voting": "disabled",
        "comments": "members",
        "invitations": "members",
        "selfJoin": true,
        "cardCovers": true,
        "isTemplate": false,
        "cardAging": "regular",
        "calendarFeedEnabled": false,
        "hiddenPluginBoardButtons": [
            
        ],
        "switcherViews": [
            {
                "_id": "62db320efc9138302577bf3d",
                "viewType": "Board",
                "enabled": true
            },
            {
                "_id": "62db320efc9138302577bf3e",
                "viewType": "Table",
                "enabled": true
            },
            {
                "_id": "62db320efc9138302577bf3f",
                "viewType": "Calendar",
                "enabled": false
            },
            {
                "_id": "62db320efc9138302577bf40",
                "viewType": "Dashboard",
                "enabled": false
            },
            {
                "_id": "62db320efc9138302577bf41",
                "viewType": "Timeline",
                "enabled": false
            },
            {
                "_id": "62db320efc9138302577bf42",
                "viewType": "Map",
                "enabled": false
            }
        ],
        "background": "blue",
        "backgroundColor": "#0079BF",
        "backgroundImage": null,
        "backgroundImageScaled": null,
        "backgroundTile": false,
        "backgroundBrightness": "dark",
        "backgroundBottomColor": "#0079BF",
        "backgroundTopColor": "#0079BF",
        "canBePublic": true,
        "canBeEnterprise": true,
        "canBeOrg": true,
        "canBePrivate": true,
        "canInvite": true
    },
    "labelNames": {
        "green": "",
        "yellow": "",
        "orange": "",
        "red": "",
        "purple": "",
        "blue": "",
        "sky": "",
        "lime": "",
        "pink": "",
        "black": "",
        "green_dark": "",
        "yellow_dark": "",
        "orange_dark": "",
        "red_dark": "",
        "purple_dark": "",
        "blue_dark": "",
        "sky_dark": "",
        "lime_dark": "",
        "pink_dark": "",
        "black_dark": "",
        "green_light": "",
        "yellow_light": "",
        "orange_light": "",
        "red_light": "",
        "purple_light": "",
        "blue_light": "",
        "sky_light": "",
        "lime_light": "",
        "pink_light": "",
        "black_light": ""
    }
}
Request method:	DELETE
Request URI:	https://api.trello.com/1/boards/62db320efc9138302577bf3c?key=0bfc5b1373158a43175bdc1b315fd3e4&token=c38ec3003ecfe94785f3151072cffc66cb0b6f95045ac349d0cb8ba1440a7cc1
Proxy:			<none>
Request params:	<none>
Query params:	key=0bfc5b1373158a43175bdc1b315fd3e4
				token=c38ec3003ecfe94785f3151072cffc66cb0b6f95045ac349d0cb8ba1440a7cc1
Form params:	<none>
Path params:	<none>
Headers:		Accept=*/*
				Content-Type=application/json
Cookies:		<none>
Multiparts:		<none>
Body:			<none>
]]></system-out>
  <system-err><![CDATA[]]></system-err>
</testsuite>
